2020-10-20 09:36:34,5121547 [main] INFO  ua.com.nikiforov.Main - Context started
2020-10-20 09:36:34,5291564 [main] DEBUG u.c.n.dao.group.GroupDAOImpl - Adding group 'AA-26'
2020-10-20 09:36:35,3752410 [main] INFO  u.c.n.dao.group.GroupDAOImpl - Successful adding group AA-26
2020-10-20 09:36:35,3762411 [main] DEBUG u.c.n.dao.group.GroupDAOImpl - Deleting group by id '55'
2020-10-20 09:36:35,4972532 [main] WARN  u.c.n.dao.group.GroupDAOImpl - Couldn't find group by ID '55'
2020-10-20 09:44:14,0451487 [main] INFO  ua.com.nikiforov.Main - Context started
2020-10-20 09:44:14,2971739 [main] INFO  ua.com.nikiforov.Main - Context is closed!
2020-10-20 09:44:36,7131392 [main] INFO  ua.com.nikiforov.Main - Context started
2020-10-20 09:44:37,3201999 [main] INFO  ua.com.nikiforov.Main - Context is closed!
2020-10-20 09:48:06,8721642 [main] INFO  ua.com.nikiforov.Main - Context started
2020-10-20 09:48:07,1021872 [main] DEBUG u.c.n.dao.group.GroupDAOImpl - Updating group ''
2020-10-20 09:48:07,6502420 [main] ERROR u.c.n.dao.group.GroupDAOImpl - Couldn't update Group with id '55' name ''
2020-10-20 09:49:21,5911212 [main] INFO  ua.com.nikiforov.Main - Context started
2020-10-20 09:51:04,7611202 [main] INFO  ua.com.nikiforov.Main - Context started
2020-10-20 09:51:05,2351676 [main] INFO  ua.com.nikiforov.Main - Context is closed!
2020-10-20 10:00:05,2211621 [main] INFO  ua.com.nikiforov.Main - Context started
2020-10-20 10:00:05,2251625 [main] DEBUG u.c.n.dao.group.GroupDAOImpl - Deleting group by id '5'
2020-10-20 10:00:05,4951895 [main] WARN  u.c.n.dao.group.GroupDAOImpl - Couldn't find group by ID '5'
2020-10-20 10:01:41,3251239 [main] INFO  ua.com.nikiforov.Main - Context started
2020-10-20 10:01:41,3291243 [main] DEBUG u.c.n.dao.group.GroupDAOImpl - Retrieving all groups.
2020-10-20 10:01:41,6031517 [main] DEBUG u.c.n.dao.group.GroupDAOImpl - Deleting group by id '3'
2020-10-20 10:01:41,7181632 [main] WARN  u.c.n.dao.group.GroupDAOImpl - Couldn't find group by ID '3'
2020-10-20 10:02:02,6091051 [main] INFO  ua.com.nikiforov.Main - Context started
2020-10-20 10:02:02,6111053 [main] DEBUG u.c.n.dao.group.GroupDAOImpl - Retrieving all groups.
2020-10-20 10:02:02,7951237 [main] DEBUG u.c.n.dao.group.GroupDAOImpl - Deleting group by id '1'
2020-10-20 10:02:02,8851327 [main] INFO  u.c.n.dao.group.GroupDAOImpl - Successful deleting group
2020-10-20 10:02:02,8851327 [main] DEBUG u.c.n.dao.group.GroupDAOImpl - Updating group ''
2020-10-20 10:02:03,2791721 [main] ERROR u.c.n.dao.group.GroupDAOImpl - Couldn't update Group with id '4' name ''
2020-10-20 10:03:48,111936  [main] DEBUG u.c.n.dao.group.GroupDAOImpl - Adding group 'AA-12'
2020-10-20 10:03:48,124949  [main] INFO  u.c.n.dao.group.GroupDAOImpl - Successful adding group AA-12
2020-10-20 10:03:48,124949  [main] DEBUG u.c.n.dao.group.GroupDAOImpl - Getting group by name 'AA-12'
2020-10-20 10:03:48,144969  [main] INFO  u.c.n.dao.group.GroupDAOImpl - Retrived group 'id=1, groupName=AA-12]'
2020-10-20 10:03:48,144969  [main] DEBUG u.c.n.dao.group.GroupDAOImpl - Deleting group by id '1'
2020-10-20 10:03:48,147972  [main] INFO  u.c.n.dao.group.GroupDAOImpl - Successful deleting group
2020-10-20 10:03:48,1951020 [main] DEBUG u.c.n.dao.group.GroupDAOImpl - Adding group 'AA-12'
2020-10-20 10:03:48,1971022 [main] INFO  u.c.n.dao.group.GroupDAOImpl - Successful adding group AA-12
2020-10-20 10:03:48,2171042 [main] DEBUG u.c.n.dao.group.GroupDAOImpl - Adding group 'AA-12'
2020-10-20 10:03:48,2181043 [main] INFO  u.c.n.dao.group.GroupDAOImpl - Successful adding group AA-12
2020-10-20 10:03:48,2181043 [main] DEBUG u.c.n.dao.group.GroupDAOImpl - Getting group by name 'AA-12'
2020-10-20 10:03:48,2191044 [main] INFO  u.c.n.dao.group.GroupDAOImpl - Retrived group 'id=1, groupName=AA-12]'
2020-10-20 10:03:48,2201045 [main] DEBUG u.c.n.dao.group.GroupDAOImpl - Updating group 'AA-13'
2020-10-20 10:03:48,3361161 [main] ERROR u.c.n.dao.group.GroupDAOImpl - Couldn't update Group with id '1' name 'AA-13'
2020-10-20 10:03:48,3561181 [main] DEBUG u.c.n.dao.group.GroupDAOImpl - Adding group 'AA-12'
2020-10-20 10:03:48,3581183 [main] INFO  u.c.n.dao.group.GroupDAOImpl - Successful adding group AA-12
2020-10-20 10:03:48,3581183 [main] DEBUG u.c.n.dao.group.GroupDAOImpl - Getting group by name 'AA-12'
2020-10-20 10:03:48,3591184 [main] INFO  u.c.n.dao.group.GroupDAOImpl - Retrived group 'id=1, groupName=AA-12]'
2020-10-20 10:03:48,3591184 [main] DEBUG u.c.n.dao.group.GroupDAOImpl - Updating group 'AA-13'
2020-10-20 10:03:48,3601185 [main] ERROR u.c.n.dao.group.GroupDAOImpl - Couldn't update Group with id '1' name 'AA-13'
2020-10-20 10:03:48,3791204 [main] DEBUG u.c.n.dao.group.GroupDAOImpl - Adding group 'AA-12'
2020-10-20 10:03:48,3801205 [main] INFO  u.c.n.dao.group.GroupDAOImpl - Successful adding group AA-12
2020-10-20 10:03:48,3801205 [main] DEBUG u.c.n.dao.group.GroupDAOImpl - Getting group by name 'AA-12'
2020-10-20 10:03:48,3801205 [main] INFO  u.c.n.dao.group.GroupDAOImpl - Retrived group 'id=1, groupName=AA-12]'
2020-10-20 10:03:48,3811206 [main] DEBUG u.c.n.dao.group.GroupDAOImpl - Getting group by id '1'
2020-10-20 10:03:48,3811206 [main] INFO  u.c.n.dao.group.GroupDAOImpl - Retrived group 'id=1, groupName=AA-12]'
2020-10-20 10:03:48,4031228 [main] DEBUG u.c.n.dao.group.GroupDAOImpl - Adding group 'AA-12'
2020-10-20 10:03:48,4051230 [main] INFO  u.c.n.dao.group.GroupDAOImpl - Successful adding group AA-12
2020-10-20 10:03:48,4071232 [main] DEBUG u.c.n.dao.group.GroupDAOImpl - Getting group by name 'AA-12'
2020-10-20 10:03:48,4091234 [main] INFO  u.c.n.dao.group.GroupDAOImpl - Retrived group 'id=1, groupName=AA-12]'
2020-10-20 10:03:48,4101235 [main] DEBUG u.c.n.dao.group.GroupDAOImpl - Deleting group by id '1'
2020-10-20 10:03:48,4131238 [main] INFO  u.c.n.dao.group.GroupDAOImpl - Successful deleting group
2020-10-20 10:03:48,4161241 [main] DEBUG u.c.n.dao.group.GroupDAOImpl - Getting group by id '1'
2020-10-20 10:03:48,4171242 [main] WARN  u.c.n.dao.group.GroupDAOImpl - Couldn't find group by id '1'
2020-10-20 10:03:48,4341259 [main] DEBUG u.c.n.dao.group.GroupDAOImpl - Adding group 'AA-12'
2020-10-20 10:03:48,4361261 [main] INFO  u.c.n.dao.group.GroupDAOImpl - Successful adding group AA-12
2020-10-20 10:03:48,4361261 [main] DEBUG u.c.n.dao.group.GroupDAOImpl - Getting group by name 'AA-12'
2020-10-20 10:03:48,4371262 [main] INFO  u.c.n.dao.group.GroupDAOImpl - Retrived group 'id=1, groupName=AA-12]'
2020-10-20 10:03:48,4371262 [main] DEBUG u.c.n.dao.group.GroupDAOImpl - Adding group 'AA-13'
2020-10-20 10:03:48,4381263 [main] INFO  u.c.n.dao.group.GroupDAOImpl - Successful adding group AA-13
2020-10-20 10:03:48,4401265 [main] DEBUG u.c.n.dao.group.GroupDAOImpl - Getting group by name 'AA-13'
2020-10-20 10:03:48,4411266 [main] INFO  u.c.n.dao.group.GroupDAOImpl - Retrived group 'id=2, groupName=AA-13]'
2020-10-20 10:03:48,4411266 [main] DEBUG u.c.n.dao.group.GroupDAOImpl - Adding group 'AA-14'
2020-10-20 10:03:48,4421267 [main] INFO  u.c.n.dao.group.GroupDAOImpl - Successful adding group AA-14
2020-10-20 10:03:48,4421267 [main] DEBUG u.c.n.dao.group.GroupDAOImpl - Getting group by name 'AA-14'
2020-10-20 10:03:48,4431268 [main] INFO  u.c.n.dao.group.GroupDAOImpl - Retrived group 'id=3, groupName=AA-14]'
2020-10-20 10:03:48,4431268 [main] DEBUG u.c.n.dao.group.GroupDAOImpl - Retrieving all groups.
2020-10-20 10:05:58,4971082 [main] DEBUG u.c.n.dao.group.GroupDAOImpl - Adding group 'AA-12'
2020-10-20 10:05:58,5121097 [main] INFO  u.c.n.dao.group.GroupDAOImpl - Successful adding group AA-12
2020-10-20 10:05:58,5131098 [main] DEBUG u.c.n.dao.group.GroupDAOImpl - Getting group by name 'AA-12'
2020-10-20 10:05:58,5241109 [main] INFO  u.c.n.dao.group.GroupDAOImpl - Retrived group 'id=1, groupName=AA-12]'
2020-10-20 10:05:58,5241109 [main] DEBUG u.c.n.dao.group.GroupDAOImpl - Deleting group by id '1'
2020-10-20 10:05:58,5261111 [main] INFO  u.c.n.dao.group.GroupDAOImpl - Successful deleting group
2020-10-20 10:05:58,5511136 [main] DEBUG u.c.n.dao.group.GroupDAOImpl - Adding group 'AA-12'
2020-10-20 10:05:58,5521137 [main] INFO  u.c.n.dao.group.GroupDAOImpl - Successful adding group AA-12
2020-10-20 10:05:58,5711156 [main] DEBUG u.c.n.dao.group.GroupDAOImpl - Adding group 'AA-12'
2020-10-20 10:05:58,5721157 [main] INFO  u.c.n.dao.group.GroupDAOImpl - Successful adding group AA-12
2020-10-20 10:05:58,5731158 [main] DEBUG u.c.n.dao.group.GroupDAOImpl - Getting group by name 'AA-12'
2020-10-20 10:05:58,5761161 [main] INFO  u.c.n.dao.group.GroupDAOImpl - Retrived group 'id=1, groupName=AA-12]'
2020-10-20 10:05:58,5771162 [main] DEBUG u.c.n.dao.group.GroupDAOImpl - Updating group 'AA-13'
2020-10-20 10:05:58,5781163 [main] INFO  u.c.n.dao.group.GroupDAOImpl - Successful adding group with id '1' name 'AA-13'
2020-10-20 10:05:58,5971182 [main] DEBUG u.c.n.dao.group.GroupDAOImpl - Adding group 'AA-12'
2020-10-20 10:05:58,5981183 [main] INFO  u.c.n.dao.group.GroupDAOImpl - Successful adding group AA-12
2020-10-20 10:05:58,5981183 [main] DEBUG u.c.n.dao.group.GroupDAOImpl - Getting group by name 'AA-12'
2020-10-20 10:05:58,5991184 [main] INFO  u.c.n.dao.group.GroupDAOImpl - Retrived group 'id=1, groupName=AA-12]'
2020-10-20 10:05:58,5991184 [main] DEBUG u.c.n.dao.group.GroupDAOImpl - Updating group 'AA-13'
2020-10-20 10:05:58,6011186 [main] INFO  u.c.n.dao.group.GroupDAOImpl - Successful adding group with id '1' name 'AA-13'
2020-10-20 10:05:58,6011186 [main] DEBUG u.c.n.dao.group.GroupDAOImpl - Getting group by id '1'
2020-10-20 10:05:58,6021187 [main] INFO  u.c.n.dao.group.GroupDAOImpl - Retrived group 'id=1, groupName=AA-13]'
2020-10-20 10:05:58,6021187 [main] DEBUG u.c.n.dao.group.GroupDAOImpl - Getting group by name 'AA-13'
2020-10-20 10:05:58,6031188 [main] INFO  u.c.n.dao.group.GroupDAOImpl - Retrived group 'id=1, groupName=AA-13]'
2020-10-20 10:05:58,6321217 [main] DEBUG u.c.n.dao.group.GroupDAOImpl - Adding group 'AA-12'
2020-10-20 10:05:58,6331218 [main] INFO  u.c.n.dao.group.GroupDAOImpl - Successful adding group AA-12
2020-10-20 10:05:58,6331218 [main] DEBUG u.c.n.dao.group.GroupDAOImpl - Getting group by name 'AA-12'
2020-10-20 10:05:58,6341219 [main] INFO  u.c.n.dao.group.GroupDAOImpl - Retrived group 'id=1, groupName=AA-12]'
2020-10-20 10:05:58,6341219 [main] DEBUG u.c.n.dao.group.GroupDAOImpl - Getting group by id '1'
2020-10-20 10:05:58,6351220 [main] INFO  u.c.n.dao.group.GroupDAOImpl - Retrived group 'id=1, groupName=AA-12]'
2020-10-20 10:05:58,6661251 [main] DEBUG u.c.n.dao.group.GroupDAOImpl - Adding group 'AA-12'
2020-10-20 10:05:58,6761261 [main] INFO  u.c.n.dao.group.GroupDAOImpl - Successful adding group AA-12
2020-10-20 10:05:58,6771262 [main] DEBUG u.c.n.dao.group.GroupDAOImpl - Getting group by name 'AA-12'
2020-10-20 10:05:58,6781263 [main] INFO  u.c.n.dao.group.GroupDAOImpl - Retrived group 'id=1, groupName=AA-12]'
2020-10-20 10:05:58,6791264 [main] DEBUG u.c.n.dao.group.GroupDAOImpl - Deleting group by id '1'
2020-10-20 10:05:58,6801265 [main] INFO  u.c.n.dao.group.GroupDAOImpl - Successful deleting group
2020-10-20 10:05:58,6821267 [main] DEBUG u.c.n.dao.group.GroupDAOImpl - Getting group by id '1'
2020-10-20 10:05:58,6831268 [main] WARN  u.c.n.dao.group.GroupDAOImpl - Couldn't find group by id '1'
2020-10-20 10:05:58,7191304 [main] DEBUG u.c.n.dao.group.GroupDAOImpl - Adding group 'AA-12'
2020-10-20 10:05:58,7201305 [main] INFO  u.c.n.dao.group.GroupDAOImpl - Successful adding group AA-12
2020-10-20 10:05:58,7201305 [main] DEBUG u.c.n.dao.group.GroupDAOImpl - Getting group by name 'AA-12'
2020-10-20 10:05:58,7211306 [main] INFO  u.c.n.dao.group.GroupDAOImpl - Retrived group 'id=1, groupName=AA-12]'
2020-10-20 10:05:58,7221307 [main] DEBUG u.c.n.dao.group.GroupDAOImpl - Adding group 'AA-13'
2020-10-20 10:05:58,7231308 [main] INFO  u.c.n.dao.group.GroupDAOImpl - Successful adding group AA-13
2020-10-20 10:05:58,7231308 [main] DEBUG u.c.n.dao.group.GroupDAOImpl - Getting group by name 'AA-13'
2020-10-20 10:05:58,7251310 [main] INFO  u.c.n.dao.group.GroupDAOImpl - Retrived group 'id=2, groupName=AA-13]'
2020-10-20 10:05:58,7251310 [main] DEBUG u.c.n.dao.group.GroupDAOImpl - Adding group 'AA-14'
2020-10-20 10:05:58,7261311 [main] INFO  u.c.n.dao.group.GroupDAOImpl - Successful adding group AA-14
2020-10-20 10:05:58,7271312 [main] DEBUG u.c.n.dao.group.GroupDAOImpl - Getting group by name 'AA-14'
2020-10-20 10:05:58,7271312 [main] INFO  u.c.n.dao.group.GroupDAOImpl - Retrived group 'id=3, groupName=AA-14]'
2020-10-20 10:05:58,7281313 [main] DEBUG u.c.n.dao.group.GroupDAOImpl - Retrieving all groups.
2020-10-20 10:06:58,6141088 [main] DEBUG u.c.n.dao.group.GroupDAOImpl - Adding group 'AA-12'
2020-10-20 10:06:58,6231097 [main] INFO  u.c.n.dao.group.GroupDAOImpl - Successful adding group AA-12
2020-10-20 10:06:58,6241098 [main] DEBUG u.c.n.dao.group.GroupDAOImpl - Getting group by name 'AA-12'
2020-10-20 10:06:58,6351109 [main] INFO  u.c.n.dao.group.GroupDAOImpl - Retrived group 'id=1, groupName=AA-12]'
2020-10-20 10:06:58,6351109 [main] DEBUG u.c.n.dao.group.GroupDAOImpl - Deleting group by id '1'
2020-10-20 10:06:58,6371111 [main] INFO  u.c.n.dao.group.GroupDAOImpl - Successful deleting group
2020-10-20 10:06:58,6651139 [main] DEBUG u.c.n.dao.group.GroupDAOImpl - Adding group 'AA-12'
2020-10-20 10:06:58,6661140 [main] INFO  u.c.n.dao.group.GroupDAOImpl - Successful adding group AA-12
2020-10-20 10:06:58,6861160 [main] DEBUG u.c.n.dao.group.GroupDAOImpl - Adding group 'AA-12'
2020-10-20 10:06:58,6871161 [main] INFO  u.c.n.dao.group.GroupDAOImpl - Successful adding group AA-12
2020-10-20 10:06:58,6871161 [main] DEBUG u.c.n.dao.group.GroupDAOImpl - Getting group by name 'AA-12'
2020-10-20 10:06:58,6881162 [main] INFO  u.c.n.dao.group.GroupDAOImpl - Retrived group 'id=1, groupName=AA-12]'
2020-10-20 10:06:58,6881162 [main] DEBUG u.c.n.dao.group.GroupDAOImpl - Updating group 'AA-13'
2020-10-20 10:06:58,6901164 [main] INFO  u.c.n.dao.group.GroupDAOImpl - Successful adding group with id '1' name 'AA-13'
2020-10-20 10:06:58,7301204 [main] DEBUG u.c.n.dao.group.GroupDAOImpl - Adding group 'AA-12'
2020-10-20 10:06:58,7331207 [main] INFO  u.c.n.dao.group.GroupDAOImpl - Successful adding group AA-12
2020-10-20 10:06:58,7331207 [main] DEBUG u.c.n.dao.group.GroupDAOImpl - Getting group by name 'AA-12'
2020-10-20 10:06:58,7341208 [main] INFO  u.c.n.dao.group.GroupDAOImpl - Retrived group 'id=1, groupName=AA-12]'
2020-10-20 10:06:58,7351209 [main] DEBUG u.c.n.dao.group.GroupDAOImpl - Updating group 'AA-13'
2020-10-20 10:06:58,7381212 [main] INFO  u.c.n.dao.group.GroupDAOImpl - Successful adding group with id '1' name 'AA-13'
2020-10-20 10:06:58,7381212 [main] DEBUG u.c.n.dao.group.GroupDAOImpl - Getting group by id '1'
2020-10-20 10:06:58,7421216 [main] INFO  u.c.n.dao.group.GroupDAOImpl - Retrived group 'id=1, groupName=AA-13]'
2020-10-20 10:06:58,7431217 [main] DEBUG u.c.n.dao.group.GroupDAOImpl - Getting group by name 'AA-13'
2020-10-20 10:06:58,7491223 [main] INFO  u.c.n.dao.group.GroupDAOImpl - Retrived group 'id=1, groupName=AA-13]'
2020-10-20 10:06:58,8561330 [main] DEBUG u.c.n.dao.group.GroupDAOImpl - Adding group 'AA-12'
2020-10-20 10:06:58,8591333 [main] INFO  u.c.n.dao.group.GroupDAOImpl - Successful adding group AA-12
2020-10-20 10:06:58,8661340 [main] DEBUG u.c.n.dao.group.GroupDAOImpl - Getting group by name 'AA-12'
2020-10-20 10:06:58,8671341 [main] INFO  u.c.n.dao.group.GroupDAOImpl - Retrived group 'id=1, groupName=AA-12]'
2020-10-20 10:06:58,8681342 [main] DEBUG u.c.n.dao.group.GroupDAOImpl - Getting group by id '1'
2020-10-20 10:06:58,8701344 [main] INFO  u.c.n.dao.group.GroupDAOImpl - Retrived group 'id=1, groupName=AA-12]'
2020-10-20 10:06:58,9221396 [main] DEBUG u.c.n.dao.group.GroupDAOImpl - Adding group 'AA-12'
2020-10-20 10:06:58,9251399 [main] INFO  u.c.n.dao.group.GroupDAOImpl - Successful adding group AA-12
2020-10-20 10:06:58,9251399 [main] DEBUG u.c.n.dao.group.GroupDAOImpl - Getting group by name 'AA-12'
2020-10-20 10:06:58,9271401 [main] INFO  u.c.n.dao.group.GroupDAOImpl - Retrived group 'id=1, groupName=AA-12]'
2020-10-20 10:06:58,9271401 [main] DEBUG u.c.n.dao.group.GroupDAOImpl - Deleting group by id '1'
2020-10-20 10:06:58,9281402 [main] INFO  u.c.n.dao.group.GroupDAOImpl - Successful deleting group
2020-10-20 10:06:58,9361410 [main] DEBUG u.c.n.dao.group.GroupDAOImpl - Getting group by id '1'
2020-10-20 10:06:58,9381412 [main] WARN  u.c.n.dao.group.GroupDAOImpl - Couldn't find group by id '1'
2020-10-20 10:06:58,9571431 [main] DEBUG u.c.n.dao.group.GroupDAOImpl - Adding group 'AA-12'
2020-10-20 10:06:58,9591433 [main] INFO  u.c.n.dao.group.GroupDAOImpl - Successful adding group AA-12
2020-10-20 10:06:58,9591433 [main] DEBUG u.c.n.dao.group.GroupDAOImpl - Getting group by name 'AA-12'
2020-10-20 10:06:58,9611435 [main] INFO  u.c.n.dao.group.GroupDAOImpl - Retrived group 'id=1, groupName=AA-12]'
2020-10-20 10:06:58,9611435 [main] DEBUG u.c.n.dao.group.GroupDAOImpl - Adding group 'AA-13'
2020-10-20 10:06:58,9621436 [main] INFO  u.c.n.dao.group.GroupDAOImpl - Successful adding group AA-13
2020-10-20 10:06:58,9621436 [main] DEBUG u.c.n.dao.group.GroupDAOImpl - Getting group by name 'AA-13'
2020-10-20 10:06:58,9631437 [main] INFO  u.c.n.dao.group.GroupDAOImpl - Retrived group 'id=2, groupName=AA-13]'
2020-10-20 10:06:58,9631437 [main] DEBUG u.c.n.dao.group.GroupDAOImpl - Adding group 'AA-14'
2020-10-20 10:06:58,9641438 [main] INFO  u.c.n.dao.group.GroupDAOImpl - Successful adding group AA-14
2020-10-20 10:06:58,9641438 [main] DEBUG u.c.n.dao.group.GroupDAOImpl - Getting group by name 'AA-14'
2020-10-20 10:06:58,9651439 [main] INFO  u.c.n.dao.group.GroupDAOImpl - Retrived group 'id=3, groupName=AA-14]'
2020-10-20 10:06:58,9661440 [main] DEBUG u.c.n.dao.group.GroupDAOImpl - Retrieving all groups.
